<?xml version="1.0" encoding="UTF-8" ?>
<testsuite errors="4" failures="0" hostname="sai" name="com.test.automation.JenkinsDemo.Testsuite" tests="4" time="80.328" timestamp="2014-11-24T17:27:00">
  <properties>
[...]
</properties>
  <testcase classname="com.test.automation.JenkinsDemo.AmazonAutomationTest" name="test" time="26.868">
    <error message="Error communicating with the remote browser. It may have died.&#xa;Build info: version: &apos;2.44.0&apos;, revision: &apos;76d78cf&apos;, time: &apos;2014-10-23 20:03:00&apos;&#xa;System info: host: &apos;sai&apos;, ip: &apos;192.168.0.102&apos;, os.name: &apos;Windows NT (unknown)&apos;, os.arch: &apos;x86&apos;, os.version: &apos;6.2&apos;, java.version: &apos;1.6.0_21&apos;&#xa;Driver info: driver.version: RemoteWebDriver" type="org.openqa.selenium.remote.UnreachableBrowserException">org.openqa.selenium.remote.UnreachableBrowserException: Error communicating with the remote browser. It may have died.
Build info: version: &apos;2.44.0&apos;, revision: &apos;76d78cf&apos;, time: &apos;2014-10-23 20:03:00&apos;
System info: host: &apos;sai&apos;, ip: &apos;192.168.0.102&apos;, os.name: &apos;Windows NT (unknown)&apos;, os.arch: &apos;x86&apos;, os.version: &apos;6.2&apos;, java.version: &apos;1.6.0_21&apos;
Driver info: driver.version: RemoteWebDriver
	at org.openqa.selenium.remote.RemoteWebDriver.execute(RemoteWebDriver.java:593)
	at org.openqa.selenium.remote.RemoteWebDriver.get(RemoteWebDriver.java:304)
	at com.test.automation.JenkinsDemo.AmazonAutomationTest.openbrowser(AmazonAutomationTest.java:19)
Caused by: org.apache.http.conn.HttpHostConnectException: Connect to 127.0.0.1:7055 [/127.0.0.1] failed: Connection refused: connect
	at org.apache.http.impl.conn.HttpClientConnectionOperator.connect(HttpClientConnectionOperator.java:140)
	at org.apache.http.impl.conn.PoolingHttpClientConnectionManager.connect(PoolingHttpClientConnectionManager.java:318)
	at org.apache.http.impl.execchain.MainClientExec.establishRoute(MainClientExec.java:363)
	at org.apache.http.impl.execchain.MainClientExec.execute(MainClientExec.java:219)
	at org.apache.http.impl.execchain.ProtocolExec.execute(ProtocolExec.java:195)
	at org.apache.http.impl.execchain.RetryExec.execute(RetryExec.java:86)
	at org.apache.http.impl.execchain.RedirectExec.execute(RedirectExec.java:108)
	at org.apache.http.impl.client.InternalHttpClient.doExecute(InternalHttpClient.java:184)
	at org.apache.http.impl.client.CloseableHttpClient.execute(CloseableHttpClient.java:72)
	at org.apache.http.impl.client.CloseableHttpClient.execute(CloseableHttpClient.java:57)
	at org.openqa.selenium.remote.HttpCommandExecutor.fallBackExecute(HttpCommandExecutor.java:233)
	at org.openqa.selenium.remote.HttpCommandExecutor.execute(HttpCommandExecutor.java:184)
	at org.openqa.selenium.firefox.internal.NewProfileExtensionConnection.execute(NewProfileExtensionConnection.java:165)
	at org.openqa.selenium.firefox.FirefoxDriver$LazyCommandExecutor.execute(FirefoxDriver.java:362)
	at org.openqa.selenium.remote.RemoteWebDriver.execute(RemoteWebDriver.java:572)
Caused by: java.net.ConnectException: Connection refused: connect
	at java.net.PlainSocketImpl.socketConnect(Native Method)
	at java.net.PlainSocketImpl.doConnect(Unknown Source)
	at java.net.PlainSocketImpl.connectToAddress(Unknown Source)
	at java.net.PlainSocketImpl.connect(Unknown Source)
	at java.net.SocksSocketImpl.connect(Unknown Source)
	at java.net.Socket.connect(Unknown Source)
	at org.apache.http.conn.socket.PlainConnectionSocketFactory.connectSocket(PlainConnectionSocketFactory.java:72)
	at org.apache.http.impl.conn.HttpClientConnectionOperator.connect(HttpClientConnectionOperator.java:123)
</error>
  </testcase>
  <testcase classname="com.test.automation.JenkinsDemo.FacebookAutomation" name="test" time="18.327">
    <error message="Window not found. The browser window may have been closed.&#xa;Command duration or timeout: 43 milliseconds&#xa;Build info: version: &apos;2.44.0&apos;, revision: &apos;76d78cf&apos;, time: &apos;2014-10-23 20:03:00&apos;&#xa;System info: host: &apos;sai&apos;, ip: &apos;192.168.0.102&apos;, os.name: &apos;Windows NT (unknown)&apos;, os.arch: &apos;x86&apos;, os.version: &apos;6.2&apos;, java.version: &apos;1.6.0_21&apos;&#xa;Session ID: a4a2dfd8-f831-41a8-99f2-8a262a57186c&#xa;Driver info: org.openqa.selenium.firefox.FirefoxDriver&#xa;Capabilities [{platform=WINDOWS, acceptSslCerts=true, javascriptEnabled=true, browserName=firefox, rotatable=false, locationContextEnabled=true, version=33.1.1, cssSelectorsEnabled=true, databaseEnabled=true, handlesAlerts=true, nativeEvents=true, webStorageEnabled=true, applicationCacheEnabled=true, takesScreenshot=true}]" type="org.openqa.selenium.NoSuchWindowException">org.openqa.selenium.NoSuchWindowException: Window not found. The browser window may have been closed.
Command duration or timeout: 43 milliseconds
Build info: version: &apos;2.44.0&apos;, revision: &apos;76d78cf&apos;, time: &apos;2014-10-23 20:03:00&apos;
System info: host: &apos;sai&apos;, ip: &apos;192.168.0.102&apos;, os.name: &apos;Windows NT (unknown)&apos;, os.arch: &apos;x86&apos;, os.version: &apos;6.2&apos;, java.version: &apos;1.6.0_21&apos;
Session ID: a4a2dfd8-f831-41a8-99f2-8a262a57186c
Driver info: org.openqa.selenium.firefox.FirefoxDriver
Capabilities [{platform=WINDOWS, acceptSslCerts=true, javascriptEnabled=true, browserName=firefox, rotatable=false, locationContextEnabled=true, version=33.1.1, cssSelectorsEnabled=true, databaseEnabled=true, handlesAlerts=true, nativeEvents=true, webStorageEnabled=true, applicationCacheEnabled=true, takesScreenshot=true}]
	at java.lang.reflect.Constructor.newInstance(Unknown Source)
	at org.openqa.selenium.remote.ErrorHandler.createThrowable(ErrorHandler.java:204)
	at org.openqa.selenium.remote.ErrorHandler.throwIfResponseFailed(ErrorHandler.java:156)
	at org.openqa.selenium.remote.RemoteWebDriver.execute(RemoteWebDriver.java:599)
	at org.openqa.selenium.remote.RemoteWebDriver.get(RemoteWebDriver.java:304)
	at com.test.automation.JenkinsDemo.FacebookAutomation.openbrowser(FacebookAutomation.java:19)
Caused by: org.openqa.selenium.NoSuchWindowException: Window not found. The browser window may have been closed.
Build info: version: &apos;2.44.0&apos;, revision: &apos;76d78cf&apos;, time: &apos;2014-10-23 20:03:00&apos;
System info: host: &apos;sai&apos;, ip: &apos;192.168.0.102&apos;, os.name: &apos;Windows NT (unknown)&apos;, os.arch: &apos;x86&apos;, os.version: &apos;6.2&apos;, java.version: &apos;1.6.0_21&apos;
Driver info: driver.version: unknown
	at &lt;anonymous class&gt;.nsCommandProcessor.prototype.execute(file:///C:/Users/ADMINI~1/AppData/Local/Temp/anonymous5651686137006946642webdriver-profile/extensions/fxdriver@googlecode.com/components/command-processor.js:11706:23)
	at &lt;anonymous class&gt;.Dispatcher.executeAs/&lt;(file:///C:/Users/ADMINI~1/AppData/Local/Temp/anonymous5651686137006946642webdriver-profile/extensions/fxdriver@googlecode.com/components/driver-component.js:8437:5)
	at &lt;anonymous class&gt;.Resource.prototype.handle(file:///C:/Users/ADMINI~1/AppData/Local/Temp/anonymous5651686137006946642webdriver-profile/extensions/fxdriver@googlecode.com/components/driver-component.js:8584:219)
	at &lt;anonymous class&gt;.Dispatcher.prototype.dispatch(file:///C:/Users/ADMINI~1/AppData/Local/Temp/anonymous5651686137006946642webdriver-profile/extensions/fxdriver@googlecode.com/components/driver-component.js:8531:36)
	at &lt;anonymous class&gt;.WebDriverServer/&lt;.handle(file:///C:/Users/ADMINI~1/AppData/Local/Temp/anonymous5651686137006946642webdriver-profile/extensions/fxdriver@googlecode.com/components/driver-component.js:11489:5)
	at &lt;anonymous class&gt;.createHandlerFunc/&lt;(file:///C:/Users/ADMINI~1/AppData/Local/Temp/anonymous5651686137006946642webdriver-profile/extensions/fxdriver@googlecode.com/components/httpd.js:1935:41)
	at &lt;anonymous class&gt;.ServerHandler.prototype.handleResponse(file:///C:/Users/ADMINI~1/AppData/Local/Temp/anonymous5651686137006946642webdriver-profile/extensions/fxdriver@googlecode.com/components/httpd.js:2261:15)
	at &lt;anonymous class&gt;.Connection.prototype.process(file:///C:/Users/ADMINI~1/AppData/Local/Temp/anonymous5651686137006946642webdriver-profile/extensions/fxdriver@googlecode.com/components/httpd.js:1168:5)
	at &lt;anonymous class&gt;.RequestReader.prototype._handleResponse(file:///C:/Users/ADMINI~1/AppData/Local/Temp/anonymous5651686137006946642webdriver-profile/extensions/fxdriver@googlecode.com/components/httpd.js:1616:5)
	at &lt;anonymous class&gt;.RequestReader.prototype._processBody(file:///C:/Users/ADMINI~1/AppData/Local/Temp/anonymous5651686137006946642webdriver-profile/extensions/fxdriver@googlecode.com/components/httpd.js:1464:9)
	at &lt;anonymous class&gt;.RequestReader.prototype.onInputStreamReady(file:///C:/Users/ADMINI~1/AppData/Local/Temp/anonymous5651686137006946642webdriver-profile/extensions/fxdriver@googlecode.com/components/httpd.js:1333:9)
</error>
  </testcase>
  <testcase classname="com.test.automation.JenkinsDemo.GmailAutomation" name="test" time="17.316">
    <error message="Window not found. The browser window may have been closed.&#xa;Command duration or timeout: 77 milliseconds&#xa;Build info: version: &apos;2.44.0&apos;, revision: &apos;76d78cf&apos;, time: &apos;2014-10-23 20:03:00&apos;&#xa;System info: host: &apos;sai&apos;, ip: &apos;192.168.0.102&apos;, os.name: &apos;Windows NT (unknown)&apos;, os.arch: &apos;x86&apos;, os.version: &apos;6.2&apos;, java.version: &apos;1.6.0_21&apos;&#xa;Session ID: 95f4ad08-f2d7-436d-853d-870c99894ede&#xa;Driver info: org.openqa.selenium.firefox.FirefoxDriver&#xa;Capabilities [{platform=WINDOWS, acceptSslCerts=true, javascriptEnabled=true, browserName=firefox, rotatable=false, locationContextEnabled=true, version=33.1.1, cssSelectorsEnabled=true, databaseEnabled=true, handlesAlerts=true, nativeEvents=true, webStorageEnabled=true, applicationCacheEnabled=true, takesScreenshot=true}]" type="org.openqa.selenium.NoSuchWindowException">org.openqa.selenium.NoSuchWindowException: Window not found. The browser window may have been closed.
Command duration or timeout: 77 milliseconds
Build info: version: &apos;2.44.0&apos;, revision: &apos;76d78cf&apos;, time: &apos;2014-10-23 20:03:00&apos;
System info: host: &apos;sai&apos;, ip: &apos;192.168.0.102&apos;, os.name: &apos;Windows NT (unknown)&apos;, os.arch: &apos;x86&apos;, os.version: &apos;6.2&apos;, java.version: &apos;1.6.0_21&apos;
Session ID: 95f4ad08-f2d7-436d-853d-870c99894ede
Driver info: org.openqa.selenium.firefox.FirefoxDriver
Capabilities [{platform=WINDOWS, acceptSslCerts=true, javascriptEnabled=true, browserName=firefox, rotatable=false, locationContextEnabled=true, version=33.1.1, cssSelectorsEnabled=true, databaseEnabled=true, handlesAlerts=true, nativeEvents=true, webStorageEnabled=true, applicationCacheEnabled=true, takesScreenshot=true}]
	at java.lang.reflect.Constructor.newInstance(Unknown Source)
	at org.openqa.selenium.remote.ErrorHandler.createThrowable(ErrorHandler.java:204)
	at org.openqa.selenium.remote.ErrorHandler.throwIfResponseFailed(ErrorHandler.java:156)
	at org.openqa.selenium.remote.RemoteWebDriver.execute(RemoteWebDriver.java:599)
	at org.openqa.selenium.remote.RemoteWebDriver.get(RemoteWebDriver.java:304)
	at com.test.automation.JenkinsDemo.GmailAutomation.openbrowser(GmailAutomation.java:19)
Caused by: org.openqa.selenium.NoSuchWindowException: Window not found. The browser window may have been closed.
Build info: version: &apos;2.44.0&apos;, revision: &apos;76d78cf&apos;, time: &apos;2014-10-23 20:03:00&apos;
System info: host: &apos;sai&apos;, ip: &apos;192.168.0.102&apos;, os.name: &apos;Windows NT (unknown)&apos;, os.arch: &apos;x86&apos;, os.version: &apos;6.2&apos;, java.version: &apos;1.6.0_21&apos;
Driver info: driver.version: unknown
	at &lt;anonymous class&gt;.nsCommandProcessor.prototype.execute(file:///C:/Users/ADMINI~1/AppData/Local/Temp/anonymous6255598044206560674webdriver-profile/extensions/fxdriver@googlecode.com/components/command-processor.js:11706:23)
	at &lt;anonymous class&gt;.Dispatcher.executeAs/&lt;(file:///C:/Users/ADMINI~1/AppData/Local/Temp/anonymous6255598044206560674webdriver-profile/extensions/fxdriver@googlecode.com/components/driver-component.js:8437:5)
	at &lt;anonymous class&gt;.Resource.prototype.handle(file:///C:/Users/ADMINI~1/AppData/Local/Temp/anonymous6255598044206560674webdriver-profile/extensions/fxdriver@googlecode.com/components/driver-component.js:8584:219)
	at &lt;anonymous class&gt;.Dispatcher.prototype.dispatch(file:///C:/Users/ADMINI~1/AppData/Local/Temp/anonymous6255598044206560674webdriver-profile/extensions/fxdriver@googlecode.com/components/driver-component.js:8531:36)
	at &lt;anonymous class&gt;.WebDriverServer/&lt;.handle(file:///C:/Users/ADMINI~1/AppData/Local/Temp/anonymous6255598044206560674webdriver-profile/extensions/fxdriver@googlecode.com/components/driver-component.js:11489:5)
	at &lt;anonymous class&gt;.createHandlerFunc/&lt;(file:///C:/Users/ADMINI~1/AppData/Local/Temp/anonymous6255598044206560674webdriver-profile/extensions/fxdriver@googlecode.com/components/httpd.js:1935:41)
	at &lt;anonymous class&gt;.ServerHandler.prototype.handleResponse(file:///C:/Users/ADMINI~1/AppData/Local/Temp/anonymous6255598044206560674webdriver-profile/extensions/fxdriver@googlecode.com/components/httpd.js:2261:15)
	at &lt;anonymous class&gt;.Connection.prototype.process(file:///C:/Users/ADMINI~1/AppData/Local/Temp/anonymous6255598044206560674webdriver-profile/extensions/fxdriver@googlecode.com/components/httpd.js:1168:5)
	at &lt;anonymous class&gt;.RequestReader.prototype._handleResponse(file:///C:/Users/ADMINI~1/AppData/Local/Temp/anonymous6255598044206560674webdriver-profile/extensions/fxdriver@googlecode.com/components/httpd.js:1616:5)
	at &lt;anonymous class&gt;.RequestReader.prototype._processBody(file:///C:/Users/ADMINI~1/AppData/Local/Temp/anonymous6255598044206560674webdriver-profile/extensions/fxdriver@googlecode.com/components/httpd.js:1464:9)
	at &lt;anonymous class&gt;.RequestReader.prototype.onInputStreamReady(file:///C:/Users/ADMINI~1/AppData/Local/Temp/anonymous6255598044206560674webdriver-profile/extensions/fxdriver@googlecode.com/components/httpd.js:1333:9)
</error>
  </testcase>
  <testcase classname="com.test.automation.JenkinsDemo.Linkedln" name="test" time="17.439">
    <error message="Window not found. The browser window may have been closed.&#xa;Command duration or timeout: 35 milliseconds&#xa;Build info: version: &apos;2.44.0&apos;, revision: &apos;76d78cf&apos;, time: &apos;2014-10-23 20:03:00&apos;&#xa;System info: host: &apos;sai&apos;, ip: &apos;192.168.0.102&apos;, os.name: &apos;Windows NT (unknown)&apos;, os.arch: &apos;x86&apos;, os.version: &apos;6.2&apos;, java.version: &apos;1.6.0_21&apos;&#xa;Session ID: e0146230-fde2-41a7-bc1f-be5e2b5460b7&#xa;Driver info: org.openqa.selenium.firefox.FirefoxDriver&#xa;Capabilities [{platform=WINDOWS, acceptSslCerts=true, javascriptEnabled=true, browserName=firefox, rotatable=false, locationContextEnabled=true, version=33.1.1, cssSelectorsEnabled=true, databaseEnabled=true, handlesAlerts=true, nativeEvents=true, webStorageEnabled=true, applicationCacheEnabled=true, takesScreenshot=true}]" type="org.openqa.selenium.NoSuchWindowException">org.openqa.selenium.NoSuchWindowException: Window not found. The browser window may have been closed.
Command duration or timeout: 35 milliseconds
Build info: version: &apos;2.44.0&apos;, revision: &apos;76d78cf&apos;, time: &apos;2014-10-23 20:03:00&apos;
System info: host: &apos;sai&apos;, ip: &apos;192.168.0.102&apos;, os.name: &apos;Windows NT (unknown)&apos;, os.arch: &apos;x86&apos;, os.version: &apos;6.2&apos;, java.version: &apos;1.6.0_21&apos;
Session ID: e0146230-fde2-41a7-bc1f-be5e2b5460b7
Driver info: org.openqa.selenium.firefox.FirefoxDriver
Capabilities [{platform=WINDOWS, acceptSslCerts=true, javascriptEnabled=true, browserName=firefox, rotatable=false, locationContextEnabled=true, version=33.1.1, cssSelectorsEnabled=true, databaseEnabled=true, handlesAlerts=true, nativeEvents=true, webStorageEnabled=true, applicationCacheEnabled=true, takesScreenshot=true}]
	at java.lang.reflect.Constructor.newInstance(Unknown Source)
	at org.openqa.selenium.remote.ErrorHandler.createThrowable(ErrorHandler.java:204)
	at org.openqa.selenium.remote.ErrorHandler.throwIfResponseFailed(ErrorHandler.java:156)
	at org.openqa.selenium.remote.RemoteWebDriver.execute(RemoteWebDriver.java:599)
	at org.openqa.selenium.remote.RemoteWebDriver.get(RemoteWebDriver.java:304)
	at com.test.automation.JenkinsDemo.Linkedln.openbrowser(Linkedln.java:20)
Caused by: org.openqa.selenium.NoSuchWindowException: Window not found. The browser window may have been closed.
Build info: version: &apos;2.44.0&apos;, revision: &apos;76d78cf&apos;, time: &apos;2014-10-23 20:03:00&apos;
System info: host: &apos;sai&apos;, ip: &apos;192.168.0.102&apos;, os.name: &apos;Windows NT (unknown)&apos;, os.arch: &apos;x86&apos;, os.version: &apos;6.2&apos;, java.version: &apos;1.6.0_21&apos;
Driver info: driver.version: unknown
	at &lt;anonymous class&gt;.nsCommandProcessor.prototype.execute(file:///C:/Users/ADMINI~1/AppData/Local/Temp/anonymous2492382454842186869webdriver-profile/extensions/fxdriver@googlecode.com/components/command-processor.js:11706:23)
	at &lt;anonymous class&gt;.Dispatcher.executeAs/&lt;(file:///C:/Users/ADMINI~1/AppData/Local/Temp/anonymous2492382454842186869webdriver-profile/extensions/fxdriver@googlecode.com/components/driver-component.js:8437:5)
	at &lt;anonymous class&gt;.Resource.prototype.handle(file:///C:/Users/ADMINI~1/AppData/Local/Temp/anonymous2492382454842186869webdriver-profile/extensions/fxdriver@googlecode.com/components/driver-component.js:8584:219)
	at &lt;anonymous class&gt;.Dispatcher.prototype.dispatch(file:///C:/Users/ADMINI~1/AppData/Local/Temp/anonymous2492382454842186869webdriver-profile/extensions/fxdriver@googlecode.com/components/driver-component.js:8531:36)
	at &lt;anonymous class&gt;.WebDriverServer/&lt;.handle(file:///C:/Users/ADMINI~1/AppData/Local/Temp/anonymous2492382454842186869webdriver-profile/extensions/fxdriver@googlecode.com/components/driver-component.js:11489:5)
	at &lt;anonymous class&gt;.createHandlerFunc/&lt;(file:///C:/Users/ADMINI~1/AppData/Local/Temp/anonymous2492382454842186869webdriver-profile/extensions/fxdriver@googlecode.com/components/httpd.js:1935:41)
	at &lt;anonymous class&gt;.ServerHandler.prototype.handleResponse(file:///C:/Users/ADMINI~1/AppData/Local/Temp/anonymous2492382454842186869webdriver-profile/extensions/fxdriver@googlecode.com/components/httpd.js:2261:15)
	at &lt;anonymous class&gt;.Connection.prototype.process(file:///C:/Users/ADMINI~1/AppData/Local/Temp/anonymous2492382454842186869webdriver-profile/extensions/fxdriver@googlecode.com/components/httpd.js:1168:5)
	at &lt;anonymous class&gt;.RequestReader.prototype._handleResponse(file:///C:/Users/ADMINI~1/AppData/Local/Temp/anonymous2492382454842186869webdriver-profile/extensions/fxdriver@googlecode.com/components/httpd.js:1616:5)
	at &lt;anonymous class&gt;.RequestReader.prototype._processBody(file:///C:/Users/ADMINI~1/AppData/Local/Temp/anonymous2492382454842186869webdriver-profile/extensions/fxdriver@googlecode.com/components/httpd.js:1464:9)
	at &lt;anonymous class&gt;.RequestReader.prototype.onInputStreamReady(file:///C:/Users/ADMINI~1/AppData/Local/Temp/anonymous2492382454842186869webdriver-profile/extensions/fxdriver@googlecode.com/components/httpd.js:1333:9)
</error>
  </testcase>
  <system-out><![CDATA[]]></system-out>
  <system-err><![CDATA[]]></system-err>
</testsuite>
